2025-06-08 11:38:02,202 - app.config.logger - ERROR - Internal Server Error Occurred 2 validation errors:
  {'type': 'missing', 'loc': ('response', 'userId'), 'msg': 'Field required', 'input': <app.models.PostedRepoModel.PostedRepos object at 0x000001EA35E51190>}
  {'type': 'missing', 'loc': ('response', 'repoPostedBy', 'postedRepos', 0, 'userId'), 'msg': 'Field required', 'input': <app.models.PostedRepoModel.PostedRepos object at 0x000001EA35E51190>}

2025-06-08 11:47:26,303 - app.config.logger - INFO - All Repos Have been fetched
2025-06-08 11:47:27,143 - app.config.logger - ERROR - Internal Server Error Occurred 1 validation errors:
  {'type': 'missing', 'loc': ('response', 0, 'userId'), 'msg': 'Field required', 'input': <app.models.PostedRepoModel.PostedRepos object at 0x000002557A68B860>}

2025-06-08 11:50:13,836 - app.config.logger - INFO - All Repos Have been fetched
2025-06-08 11:57:22,311 - app.config.logger - ERROR - Not authenticated
2025-06-08 11:58:02,571 - app.config.logger - INFO - Repo With Id: 1 has been fetched successfully
2025-06-08 11:58:21,298 - app.config.logger - ERROR - Internal Server Error Occurred 'userId'
2025-06-08 11:59:46,384 - app.config.logger - ERROR - Internal Server Error Occurred 'user_id'
2025-06-08 12:01:07,734 - app.config.logger - ERROR - Error update repo posts with id 1: BaseModel.model_dump() missing 1 required positional argument: 'self'
2025-06-08 12:01:07,816 - app.config.logger - ERROR - Something went wrong while updating repo posts. BaseModel.model_dump() missing 1 required positional argument: 'self'
2025-06-08 12:05:55,703 - app.config.logger - INFO - Repo With Id: 1 has been updated successfully
2025-06-08 12:06:06,114 - app.config.logger - INFO - Repo With Id: 1 has been deleted successfully
2025-06-08 12:09:12,999 - app.config.logger - INFO - All Users Have been fetched
2025-06-08 12:11:17,180 - app.config.logger - INFO - All Users Have been fetched
2025-06-08 12:11:17,802 - app.config.logger - ERROR - Internal Server Error Occurred 1 validation errors:
  {'type': 'json_type', 'loc': ('response', 0, 'postedRepos', 0), 'msg': 'JSON input should be string, bytes or bytearray', 'input': <app.models.PostedRepoModel.PostedRepos object at 0x000001B397378800>}

2025-06-08 12:27:08,658 - app.config.logger - INFO - All Users Have been fetched
